[2023-10-31 22:49:29:4929] [31merror[39m: [31mReferenceError: logger is not defined[39m
[31m    at Object.createAccessCodes (file:///home/puppetmaster/Desktop/projects/scavengerHunt/app/services/accessCodes.services.js:22:5)[39m
[31m    at process.processTicksAndRejections (node:internal/process/task_queues:95:5)[39m
[31m    at async file:///home/puppetmaster/Desktop/projects/scavengerHunt/app/controllers/accessCodes.controller.js:71:3[39m
[2023-10-31 22:51:15:5115] [31merror[39m: [31mError seeding the database: tokensFilePath is not defined[39m
[2023-10-31 22:53:09:539] [31merror[39m: [31mTypeError: Cannot read properties of undefined (reading 'join')[39m
[31m    at file:///home/puppetmaster/Desktop/projects/scavengerHunt/app/controllers/accessCodes.controller.js:74:31[39m
[31m    at process.processTicksAndRejections (node:internal/process/task_queues:95:5)[39m
[2023-10-31 22:57:39:5739] [31merror[39m: [31mTypeError: ciphers.join is not a function[39m
[31m    at file:///home/puppetmaster/Desktop/projects/scavengerHunt/app/controllers/accessCodes.controller.js:74:31[39m
[31m    at process.processTicksAndRejections (node:internal/process/task_queues:95:5)[39m
[2023-10-31 23:01:24:124] [31merror[39m: [31mError[39m
[31m    at Query.run (/home/puppetmaster/Desktop/projects/scavengerHunt/node_modules/sequelize/lib/dialects/postgres/query.js:50:25)[39m
[31m    at /home/puppetmaster/Desktop/projects/scavengerHunt/node_modules/sequelize/lib/sequelize.js:315:28[39m
[31m    at process.processTicksAndRejections (node:internal/process/task_queues:95:5)[39m
[31m    at async PostgresQueryInterface.select (/home/puppetmaster/Desktop/projects/scavengerHunt/node_modules/sequelize/lib/dialects/abstract/query-interface.js:407:12)[39m
[31m    at async accessCodes.findAll (/home/puppetmaster/Desktop/projects/scavengerHunt/node_modules/sequelize/lib/model.js:1140:21)[39m
[31m    at async accessCodes.findOne (/home/puppetmaster/Desktop/projects/scavengerHunt/node_modules/sequelize/lib/model.js:1240:12)[39m
[31m    at async accessCodes.findByPk (/home/puppetmaster/Desktop/projects/scavengerHunt/node_modules/sequelize/lib/model.js:1221:12)[39m
[31m    at async Object.validateAccessCode (file:///home/puppetmaster/Desktop/projects/scavengerHunt/app/services/accessCodes.services.js:26:22)[39m
[31m    at async file:///home/puppetmaster/Desktop/projects/scavengerHunt/app/controllers/accessCodes.controller.js:19:22[39m
[2023-10-31 23:06:26:626] [31merror[39m: [31mUnauthorized: Invalid Access Code[39m
[31m    at new BaseError (file:///home/puppetmaster/Desktop/projects/scavengerHunt/app/config/error.js:10:11)[39m
[31m    at new APIError (file:///home/puppetmaster/Desktop/projects/scavengerHunt/app/config/error.js:21:5)[39m
[31m    at file:///home/puppetmaster/Desktop/projects/scavengerHunt/app/controllers/accessCodes.controller.js:23:11[39m
[2023-10-31 23:07:03:73] [31merror[39m: [31mUnauthorized: Invalid Access Code[39m
[31m    at new BaseError (file:///home/puppetmaster/Desktop/projects/scavengerHunt/app/config/error.js:10:11)[39m
[31m    at new APIError (file:///home/puppetmaster/Desktop/projects/scavengerHunt/app/config/error.js:21:5)[39m
[31m    at file:///home/puppetmaster/Desktop/projects/scavengerHunt/app/controllers/accessCodes.controller.js:23:11[39m
[2023-10-31 23:07:24:724] [31merror[39m: [31mUnauthorized: Invalid Access Code[39m
[31m    at new BaseError (file:///home/puppetmaster/Desktop/projects/scavengerHunt/app/config/error.js:10:11)[39m
[31m    at new APIError (file:///home/puppetmaster/Desktop/projects/scavengerHunt/app/config/error.js:21:5)[39m
[31m    at file:///home/puppetmaster/Desktop/projects/scavengerHunt/app/controllers/accessCodes.controller.js:23:11[39m
[2023-10-31 23:07:43:743] [31merror[39m: [31mUnauthorized: Invalid Access Code[39m
[31m    at new BaseError (file:///home/puppetmaster/Desktop/projects/scavengerHunt/app/config/error.js:10:11)[39m
[31m    at new APIError (file:///home/puppetmaster/Desktop/projects/scavengerHunt/app/config/error.js:21:5)[39m
[31m    at file:///home/puppetmaster/Desktop/projects/scavengerHunt/app/controllers/accessCodes.controller.js:23:11[39m
[2023-10-31 23:10:19:1019] [31merror[39m: [31mUnauthorized: Invalid Access Code[39m
[31m    at new BaseError (file:///home/puppetmaster/Desktop/projects/scavengerHunt/app/config/error.js:10:11)[39m
[31m    at new APIError (file:///home/puppetmaster/Desktop/projects/scavengerHunt/app/config/error.js:21:5)[39m
[31m    at file:///home/puppetmaster/Desktop/projects/scavengerHunt/app/controllers/accessCodes.controller.js:23:11[39m
[2023-10-31 23:10:44:1044] [31merror[39m: [31mUnauthorized: Invalid Access Code[39m
[31m    at new BaseError (file:///home/puppetmaster/Desktop/projects/scavengerHunt/app/config/error.js:10:11)[39m
[31m    at new APIError (file:///home/puppetmaster/Desktop/projects/scavengerHunt/app/config/error.js:21:5)[39m
[31m    at file:///home/puppetmaster/Desktop/projects/scavengerHunt/app/controllers/accessCodes.controller.js:23:11[39m
[2023-10-31 23:11:06:116] [31merror[39m: [31mUnauthorized: Invalid Access Code[39m
[31m    at new BaseError (file:///home/puppetmaster/Desktop/projects/scavengerHunt/app/config/error.js:10:11)[39m
[31m    at new APIError (file:///home/puppetmaster/Desktop/projects/scavengerHunt/app/config/error.js:21:5)[39m
[31m    at file:///home/puppetmaster/Desktop/projects/scavengerHunt/app/controllers/accessCodes.controller.js:23:11[39m
[2023-10-31 23:11:21:1121] [31merror[39m: [31mUnauthorized: Invalid Access Code[39m
[31m    at new BaseError (file:///home/puppetmaster/Desktop/projects/scavengerHunt/app/config/error.js:10:11)[39m
[31m    at new APIError (file:///home/puppetmaster/Desktop/projects/scavengerHunt/app/config/error.js:21:5)[39m
[31m    at file:///home/puppetmaster/Desktop/projects/scavengerHunt/app/controllers/accessCodes.controller.js:23:11[39m
[2023-10-31 23:14:34:1434] [31merror[39m: [31mInternal Server Error: Assignment to constant variable.[39m
[31m    at new BaseError (file:///home/puppetmaster/Desktop/projects/scavengerHunt/app/config/error.js:10:11)[39m
[31m    at new APIError (file:///home/puppetmaster/Desktop/projects/scavengerHunt/app/config/error.js:21:5)[39m
[31m    at Object.generateCipher (file:///home/puppetmaster/Desktop/projects/scavengerHunt/app/services/cipher.service.js:29:11)[39m
[31m    at file:///home/puppetmaster/Desktop/projects/scavengerHunt/app/controllers/accessCodes.controller.js:65:39[39m
[2023-10-31 23:25:38:2538] [31merror[39m: [31mError seeding the database: relation "accessCodes" does not exist[39m
[2023-10-31 23:25:47:2547] [31merror[39m: [31mError seeding the database: relation "accessCodes" does not exist[39m
[2023-10-31 23:25:54:2554] [31merror[39m: [31mError seeding the database: relation "accessCodes" does not exist[39m
[2023-10-31 23:28:06:286] [31merror[39m: [31mUnauthorize: You are not permitted to access this resource[39m
[31m    at new BaseError (file:///home/puppetmaster/Desktop/projects/scavengerHunt/app/config/error.js:10:11)[39m
[31m    at new APIError (file:///home/puppetmaster/Desktop/projects/scavengerHunt/app/config/error.js:21:5)[39m
[31m    at file:///home/puppetmaster/Desktop/projects/scavengerHunt/app/controllers/accessCodes.controller.js:53:11[39m
[31m    at asyncUtilWrap (/home/puppetmaster/Desktop/projects/scavengerHunt/node_modules/express-async-handler/index.js:3:20)[39m
[31m    at Layer.handle [as handle_request] (/home/puppetmaster/Desktop/projects/scavengerHunt/node_modules/express/lib/router/layer.js:95:5)[39m
[31m    at next (/home/puppetmaster/Desktop/projects/scavengerHunt/node_modules/express/lib/router/route.js:144:13)[39m
[31m    at validate (file:///home/puppetmaster/Desktop/projects/scavengerHunt/app/middlewares/validate.js:7:12)[39m
[31m    at Layer.handle [as handle_request] (/home/puppetmaster/Desktop/projects/scavengerHunt/node_modules/express/lib/router/layer.js:95:5)[39m
[31m    at next (/home/puppetmaster/Desktop/projects/scavengerHunt/node_modules/express/lib/router/route.js:144:13)[39m
[31m    at middleware (/home/puppetmaster/Desktop/projects/scavengerHunt/node_modules/express-validator/src/middlewares/check.js:16:13)[39m
[2023-10-31 23:42:11:4211] [31merror[39m: [31mUnauthorize: You are not permitted to access this resource[39m
[31m    at new BaseError (file:///home/puppetmaster/Desktop/projects/scavengerHunt/app/config/error.js:10:11)[39m
[31m    at new APIError (file:///home/puppetmaster/Desktop/projects/scavengerHunt/app/config/error.js:21:5)[39m
[31m    at file:///home/puppetmaster/Desktop/projects/scavengerHunt/app/controllers/accessCodes.controller.js:53:11[39m
[31m    at asyncUtilWrap (/home/puppetmaster/Desktop/projects/scavengerHunt/node_modules/express-async-handler/index.js:3:20)[39m
[31m    at Layer.handle [as handle_request] (/home/puppetmaster/Desktop/projects/scavengerHunt/node_modules/express/lib/router/layer.js:95:5)[39m
[31m    at next (/home/puppetmaster/Desktop/projects/scavengerHunt/node_modules/express/lib/router/route.js:144:13)[39m
[31m    at validate (file:///home/puppetmaster/Desktop/projects/scavengerHunt/app/middlewares/validate.js:7:12)[39m
[31m    at Layer.handle [as handle_request] (/home/puppetmaster/Desktop/projects/scavengerHunt/node_modules/express/lib/router/layer.js:95:5)[39m
[31m    at next (/home/puppetmaster/Desktop/projects/scavengerHunt/node_modules/express/lib/router/route.js:144:13)[39m
[31m    at middleware (/home/puppetmaster/Desktop/projects/scavengerHunt/node_modules/express-validator/src/middlewares/check.js:16:13)[39m
[2023-10-31 23:42:15:4215] [31merror[39m: [31mUnauthorize: You are not permitted to access this resource[39m
[31m    at new BaseError (file:///home/puppetmaster/Desktop/projects/scavengerHunt/app/config/error.js:10:11)[39m
[31m    at new APIError (file:///home/puppetmaster/Desktop/projects/scavengerHunt/app/config/error.js:21:5)[39m
[31m    at file:///home/puppetmaster/Desktop/projects/scavengerHunt/app/controllers/accessCodes.controller.js:53:11[39m
[31m    at asyncUtilWrap (/home/puppetmaster/Desktop/projects/scavengerHunt/node_modules/express-async-handler/index.js:3:20)[39m
[31m    at Layer.handle [as handle_request] (/home/puppetmaster/Desktop/projects/scavengerHunt/node_modules/express/lib/router/layer.js:95:5)[39m
[31m    at next (/home/puppetmaster/Desktop/projects/scavengerHunt/node_modules/express/lib/router/route.js:144:13)[39m
[31m    at validate (file:///home/puppetmaster/Desktop/projects/scavengerHunt/app/middlewares/validate.js:7:12)[39m
[31m    at Layer.handle [as handle_request] (/home/puppetmaster/Desktop/projects/scavengerHunt/node_modules/express/lib/router/layer.js:95:5)[39m
[31m    at next (/home/puppetmaster/Desktop/projects/scavengerHunt/node_modules/express/lib/router/route.js:144:13)[39m
[31m    at middleware (/home/puppetmaster/Desktop/projects/scavengerHunt/node_modules/express-validator/src/middlewares/check.js:16:13)[39m
[2023-10-31 23:42:24:4224] [31merror[39m: [31mUnauthorize: You are not permitted to access this resource[39m
[31m    at new BaseError (file:///home/puppetmaster/Desktop/projects/scavengerHunt/app/config/error.js:10:11)[39m
[31m    at new APIError (file:///home/puppetmaster/Desktop/projects/scavengerHunt/app/config/error.js:21:5)[39m
[31m    at file:///home/puppetmaster/Desktop/projects/scavengerHunt/app/controllers/accessCodes.controller.js:53:11[39m
[31m    at asyncUtilWrap (/home/puppetmaster/Desktop/projects/scavengerHunt/node_modules/express-async-handler/index.js:3:20)[39m
[31m    at Layer.handle [as handle_request] (/home/puppetmaster/Desktop/projects/scavengerHunt/node_modules/express/lib/router/layer.js:95:5)[39m
[31m    at next (/home/puppetmaster/Desktop/projects/scavengerHunt/node_modules/express/lib/router/route.js:144:13)[39m
[31m    at validate (file:///home/puppetmaster/Desktop/projects/scavengerHunt/app/middlewares/validate.js:7:12)[39m
[31m    at Layer.handle [as handle_request] (/home/puppetmaster/Desktop/projects/scavengerHunt/node_modules/express/lib/router/layer.js:95:5)[39m
[31m    at next (/home/puppetmaster/Desktop/projects/scavengerHunt/node_modules/express/lib/router/route.js:144:13)[39m
[31m    at middleware (/home/puppetmaster/Desktop/projects/scavengerHunt/node_modules/express-validator/src/middlewares/check.js:16:13)[39m
[2023-10-31 23:52:22:5222] [31merror[39m: [31mUnauthorize: You are not permitted to access this resource[39m
[31m    at new BaseError (file:///home/puppetmaster/Desktop/projects/scavengerHunt/app/config/error.js:10:11)[39m
[31m    at new APIError (file:///home/puppetmaster/Desktop/projects/scavengerHunt/app/config/error.js:21:5)[39m
[31m    at file:///home/puppetmaster/Desktop/projects/scavengerHunt/app/controllers/accessCodes.controller.js:53:11[39m
[31m    at asyncUtilWrap (/home/puppetmaster/Desktop/projects/scavengerHunt/node_modules/express-async-handler/index.js:3:20)[39m
[31m    at Layer.handle [as handle_request] (/home/puppetmaster/Desktop/projects/scavengerHunt/node_modules/express/lib/router/layer.js:95:5)[39m
[31m    at next (/home/puppetmaster/Desktop/projects/scavengerHunt/node_modules/express/lib/router/route.js:144:13)[39m
[31m    at validate (file:///home/puppetmaster/Desktop/projects/scavengerHunt/app/middlewares/validate.js:7:12)[39m
[31m    at Layer.handle [as handle_request] (/home/puppetmaster/Desktop/projects/scavengerHunt/node_modules/express/lib/router/layer.js:95:5)[39m
[31m    at next (/home/puppetmaster/Desktop/projects/scavengerHunt/node_modules/express/lib/router/route.js:144:13)[39m
[31m    at middleware (/home/puppetmaster/Desktop/projects/scavengerHunt/node_modules/express-validator/src/middlewares/check.js:16:13)[39m
[2023-11-01 00:42:54:4254] [31merror[39m: [31mError: listen EADDRINUSE: address already in use :::3001[39m
[31m    at Server.setupListenHandle [as _listen2] (node:net:1751:16)[39m
[31m    at listenInCluster (node:net:1799:12)[39m
[31m    at Server.listen (node:net:1887:7)[39m
[31m    at Function.listen (/home/puppetmaster/Desktop/projects/scavengerHunt/node_modules/express/lib/application.js:635:24)[39m
[31m    at file:///home/puppetmaster/Desktop/projects/scavengerHunt/server.js:55:5[39m
[2023-11-01 00:43:09:439] [31merror[39m: [31mError: listen EADDRINUSE: address already in use :::3001[39m
[31m    at Server.setupListenHandle [as _listen2] (node:net:1751:16)[39m
[31m    at listenInCluster (node:net:1799:12)[39m
[31m    at Server.listen (node:net:1887:7)[39m
[31m    at Function.listen (/home/puppetmaster/Desktop/projects/scavengerHunt/node_modules/express/lib/application.js:635:24)[39m
[31m    at file:///home/puppetmaster/Desktop/projects/scavengerHunt/server.js:55:5[39m
[2023-11-01 00:45:51:4551] [31merror[39m: [31mError: listen EADDRINUSE: address already in use :::3001[39m
[31m    at Server.setupListenHandle [as _listen2] (node:net:1751:16)[39m
[31m    at listenInCluster (node:net:1799:12)[39m
[31m    at Server.listen (node:net:1887:7)[39m
[31m    at Function.listen (/home/puppetmaster/Desktop/projects/scavengerHunt/node_modules/express/lib/application.js:635:24)[39m
[31m    at file:///home/puppetmaster/Desktop/projects/scavengerHunt/server.js:55:5[39m
